2024-08-08 15:36:33,683 INFO test_env Environment created successfully!
2024-08-08 15:36:56,336 ERROR test_env Tests failed!
Traceback (most recent call last):
  File "/Users/liezlmaree/Projects/envexp/envexp/test_env.py", line 206, in run_and_log
    raise Exception(error)
Exception: Traceback (most recent call last):
  File "<string>", line 1, in <module>
  File "/Users/liezlmaree/Projects/envexp/envexp/test_env.py", line 184, in user_test_code
    import tensorflow
  File "/Users/liezlmaree/micromamba/envs/experiment/lib/python3.10/site-packages/tensorflow/__init__.py", line 432, in <module>
    _ll.load_library(_plugin_dir)
  File "/Users/liezlmaree/micromamba/envs/experiment/lib/python3.10/site-packages/tensorflow/python/framework/load_library.py", line 151, in load_library
    py_tf.TF_LoadLibrary(lib)
tensorflow.python.framework.errors_impl.NotFoundError: dlopen(/Users/liezlmaree/micromamba/envs/experiment/lib/python3.10/site-packages/tensorflow-plugins/libmetal_plugin.dylib, 0x0006): symbol not found in flat namespace '__ZN10tensorflow8internal10LogMessage16VmoduleActivatedEPKci'

